<?xml version="1.0" encoding="UTF-8"?>
<testsuites name="Login" time="65.136" tests="4" failures="0" errors="0">
   <testsuite name="Login" tests="4" failures="0" errors="0" time="65.136" skipped="0" timestamp="22-10-2024T02:39:21" hostname="anonu - LIA" id="Test Suites/Login/Login">
      <properties>
         <property name="deviceName" value=""/>
         <property name="devicePlatform"/>
         <property name="logFolder" value="C:\\Users\\anonu\\git\\prepcirca\\Reports\\20241022_023913\\Login\\Login\\20241022_023914"/>
         <property name="logFiles" value="C:\\Users\\anonu\\git\\prepcirca\\Reports\\20241022_023913\\Login\\Login\\20241022_023914\\execution0.log"/>
         <property name="attachments" value=""/>
         <property name="hostName" value="anonu - LIA"/>
         <property name="os" value="Windows 11 64bit"/>
         <property name="katalonVersion" value="9.7.2.223"/>
         <property name="browser" value="Chrome 129.0.0.0"/>
         <property name="hostAddress" value="192.168.254.104"/>
         <property name="sessionId" value="c0c09bd7d06cb2b485b0966b1f74f0c4"/>
         <property name="seleniumVersion" value="3.141.59"/>
         <property name="proxyInformation" value="ProxyInformation { proxyOption=NO_PROXY, proxyServerType=HTTP, username=, password=********, proxyServerAddress=, proxyServerPort=0, executionList=&quot;&quot;, isApplyToDesiredCapabilities=true }"/>
         <property name="platform" value="Windows 11"/>
      </properties>
      <testcase name="Test Cases/Login/Admin" time="13.758" classname="Test Cases/Login/Admin" status="PASSED">
         <system-out><![CDATA[22-10-2024T02:39:21 - [TEST_CASE][PASSED] - Test Cases/Login/Admin: Test Cases/Login/Admin

22-10-2024T02:39:21 - [TEST_STEP][PASSED] - openBrowser(""): Browser is opened with url: ''

22-10-2024T02:39:22 - [MESSAGE][INFO] - Starting 'Chrome' driver

22-10-2024T02:39:22 - [MESSAGE][INFO] - Action delay is set to 0 milliseconds

22-10-2024T02:39:23 - [MESSAGE][PASSED] - Browser is opened with url: ''

22-10-2024T02:39:23 - [TEST_STEP][PASSED] - navigateToUrl("https://dev.web.prepcirca.com/login"): Navigate to 'https://dev.web.prepcirca.com/login' successfully

22-10-2024T02:39:27 - [MESSAGE][PASSED] - Navigate to 'https://dev.web.prepcirca.com/login' successfully

22-10-2024T02:39:27 - [TEST_STEP][PASSED] - setText(findTestObject("Object Repository/Page_PrepCirca V2/input_Login_username"), "lia@dashurai.com"): Text 'lia@dashurai.com' is set on object 'Object Repository/Page_PrepCirca V2/input_Login_username'

22-10-2024T02:39:31 - [MESSAGE][PASSED] - Text 'lia@dashurai.com' is set on object 'Object Repository/Page_PrepCirca V2/input_Login_username'

22-10-2024T02:39:31 - [TEST_STEP][PASSED] - setEncryptedText(findTestObject("Object Repository/Page_PrepCirca V2/input_Login_password"), "xRkMkEGOFPJvN61N/sX4qQ=="): Text ****** has been set on object 'Object Repository/Page_PrepCirca V2/input_Login_password'

22-10-2024T02:39:31 - [MESSAGE][PASSED] - Text ****** has been set on object 'Object Repository/Page_PrepCirca V2/input_Login_password'

22-10-2024T02:39:31 - [TEST_STEP][PASSED] - click(findTestObject("Object Repository/Page_PrepCirca V2/button_Login")): Object: 'Object Repository/Page_PrepCirca V2/button_Login' is clicked on

22-10-2024T02:39:34 - [MESSAGE][PASSED] - Object: 'Object Repository/Page_PrepCirca V2/button_Login' is clicked on

22-10-2024T02:39:34 - [TEST_STEP][PASSED] - closeBrowser(): Browser is closed

22-10-2024T02:39:35 - [MESSAGE][PASSED] - Browser is closed]]></system-out>
         <system-err><![CDATA[]]></system-err>
      </testcase>
      <testcase name="Test Cases/Login/Guardian" time="25.049" classname="Test Cases/Login/Guardian" status="PASSED">
         <system-out><![CDATA[22-10-2024T02:39:35 - [TEST_CASE][PASSED] - Test Cases/Login/Guardian: Test Cases/Login/Guardian

22-10-2024T02:39:35 - [TEST_STEP][PASSED] - openBrowser(""): Browser is opened with url: ''

22-10-2024T02:39:35 - [MESSAGE][INFO] - Starting 'Chrome' driver

22-10-2024T02:39:35 - [MESSAGE][INFO] - Action delay is set to 0 milliseconds

22-10-2024T02:39:36 - [MESSAGE][PASSED] - Browser is opened with url: ''

22-10-2024T02:39:36 - [TEST_STEP][PASSED] - navigateToUrl("https://dev.web.prepcirca.com/login"): Navigate to 'https://dev.web.prepcirca.com/login' successfully

22-10-2024T02:39:58 - [MESSAGE][PASSED] - Navigate to 'https://dev.web.prepcirca.com/login' successfully

22-10-2024T02:39:58 - [TEST_STEP][PASSED] - setText(findTestObject("Object Repository/Page_PrepCirca V2/input_Login_username"), "j.ross@example.com"): Text 'j.ross@example.com' is set on object 'Object Repository/Page_PrepCirca V2/input_Login_username'

22-10-2024T02:39:59 - [MESSAGE][PASSED] - Text 'j.ross@example.com' is set on object 'Object Repository/Page_PrepCirca V2/input_Login_username'

22-10-2024T02:39:59 - [TEST_STEP][PASSED] - setEncryptedText(findTestObject("Object Repository/Page_PrepCirca V2/input_Login_password"), "xRkMkEGOFPJvN61N/sX4qQ=="): Text ****** has been set on object 'Object Repository/Page_PrepCirca V2/input_Login_password'

22-10-2024T02:39:59 - [MESSAGE][PASSED] - Text ****** has been set on object 'Object Repository/Page_PrepCirca V2/input_Login_password'

22-10-2024T02:39:59 - [TEST_STEP][PASSED] - click(findTestObject("Object Repository/Page_PrepCirca V2/button_Login")): Object: 'Object Repository/Page_PrepCirca V2/button_Login' is clicked on

22-10-2024T02:40:00 - [MESSAGE][PASSED] - Object: 'Object Repository/Page_PrepCirca V2/button_Login' is clicked on

22-10-2024T02:40:00 - [TEST_STEP][PASSED] - closeBrowser(): Browser is closed

22-10-2024T02:40:00 - [MESSAGE][PASSED] - Browser is closed]]></system-out>
         <system-err><![CDATA[]]></system-err>
      </testcase>
      <testcase name="Test Cases/Login/Teacher" time="16.016" classname="Test Cases/Login/Teacher" status="PASSED">
         <system-out><![CDATA[22-10-2024T02:40:00 - [TEST_CASE][PASSED] - Test Cases/Login/Teacher: Test Cases/Login/Teacher

22-10-2024T02:40:00 - [TEST_STEP][PASSED] - openBrowser(""): Browser is opened with url: ''

22-10-2024T02:40:00 - [MESSAGE][INFO] - Starting 'Chrome' driver

22-10-2024T02:40:00 - [MESSAGE][INFO] - Action delay is set to 0 milliseconds

22-10-2024T02:40:01 - [MESSAGE][PASSED] - Browser is opened with url: ''

22-10-2024T02:40:01 - [TEST_STEP][PASSED] - navigateToUrl("https://dev.web.prepcirca.com/login"): Navigate to 'https://dev.web.prepcirca.com/login' successfully

22-10-2024T02:40:14 - [MESSAGE][PASSED] - Navigate to 'https://dev.web.prepcirca.com/login' successfully

22-10-2024T02:40:14 - [TEST_STEP][PASSED] - setText(findTestObject("Object Repository/Page_PrepCirca V2/input_Login_username"), "brettking@example.net"): Text 'brettking@example.net' is set on object 'Object Repository/Page_PrepCirca V2/input_Login_username'

22-10-2024T02:40:15 - [MESSAGE][PASSED] - Text 'brettking@example.net' is set on object 'Object Repository/Page_PrepCirca V2/input_Login_username'

22-10-2024T02:40:15 - [TEST_STEP][PASSED] - setEncryptedText(findTestObject("Object Repository/Page_PrepCirca V2/input_Login_password"), "xRkMkEGOFPJvN61N/sX4qQ=="): Text ****** has been set on object 'Object Repository/Page_PrepCirca V2/input_Login_password'

22-10-2024T02:40:15 - [MESSAGE][PASSED] - Text ****** has been set on object 'Object Repository/Page_PrepCirca V2/input_Login_password'

22-10-2024T02:40:15 - [TEST_STEP][PASSED] - click(findTestObject("Object Repository/Page_PrepCirca V2/div_Login")): Object: 'Object Repository/Page_PrepCirca V2/div_Login' is clicked on

22-10-2024T02:40:16 - [MESSAGE][PASSED] - Object: 'Object Repository/Page_PrepCirca V2/div_Login' is clicked on

22-10-2024T02:40:16 - [TEST_STEP][PASSED] - closeBrowser(): Browser is closed

22-10-2024T02:40:16 - [MESSAGE][PASSED] - Browser is closed]]></system-out>
         <system-err><![CDATA[]]></system-err>
      </testcase>
      <testcase name="Test Cases/Login/Student" time="10.066" classname="Test Cases/Login/Student" status="PASSED">
         <system-out><![CDATA[22-10-2024T02:40:16 - [TEST_CASE][PASSED] - Test Cases/Login/Student: Test Cases/Login/Student

22-10-2024T02:40:16 - [TEST_STEP][PASSED] - openBrowser(""): Browser is opened with url: ''

22-10-2024T02:40:16 - [MESSAGE][INFO] - Starting 'Chrome' driver

22-10-2024T02:40:16 - [MESSAGE][INFO] - Action delay is set to 0 milliseconds

22-10-2024T02:40:17 - [MESSAGE][PASSED] - Browser is opened with url: ''

22-10-2024T02:40:17 - [TEST_STEP][PASSED] - navigateToUrl("https://dev.web.prepcirca.com/login"): Navigate to 'https://dev.web.prepcirca.com/login' successfully

22-10-2024T02:40:24 - [MESSAGE][PASSED] - Navigate to 'https://dev.web.prepcirca.com/login' successfully

22-10-2024T02:40:24 - [TEST_STEP][PASSED] - setText(findTestObject("Object Repository/Page_PrepCirca V2/input_Login_username"), "nbaldwin@example.org"): Text 'nbaldwin@example.org' is set on object 'Object Repository/Page_PrepCirca V2/input_Login_username'

22-10-2024T02:40:25 - [MESSAGE][PASSED] - Text 'nbaldwin@example.org' is set on object 'Object Repository/Page_PrepCirca V2/input_Login_username'

22-10-2024T02:40:25 - [TEST_STEP][PASSED] - setEncryptedText(findTestObject("Object Repository/Page_PrepCirca V2/input_Login_password"), "xRkMkEGOFPJvN61N/sX4qQ=="): Text ****** has been set on object 'Object Repository/Page_PrepCirca V2/input_Login_password'

22-10-2024T02:40:25 - [MESSAGE][PASSED] - Text ****** has been set on object 'Object Repository/Page_PrepCirca V2/input_Login_password'

22-10-2024T02:40:25 - [TEST_STEP][PASSED] - click(findTestObject("Object Repository/Page_PrepCirca V2/div_Login")): Object: 'Object Repository/Page_PrepCirca V2/div_Login' is clicked on

22-10-2024T02:40:26 - [MESSAGE][PASSED] - Object: 'Object Repository/Page_PrepCirca V2/div_Login' is clicked on

22-10-2024T02:40:26 - [TEST_STEP][PASSED] - closeBrowser(): Browser is closed

22-10-2024T02:40:26 - [MESSAGE][PASSED] - Browser is closed]]></system-out>
         <system-err><![CDATA[]]></system-err>
      </testcase>
      <system-out><![CDATA[22-10-2024T02:39:21 - [TEST_SUITE][PASSED] - Login: Test Cases/Login/Student]]></system-out>
      <system-err><![CDATA[]]></system-err>
   </testsuite>
</testsuites>
