<?xml version="1.0" encoding="UTF-8"?>
<testsuites name="Login" time="53.878" tests="4" failures="0" errors="0">
   <testsuite name="Login" tests="4" failures="0" errors="0" time="53.878" skipped="0" timestamp="22-10-2024T00:21:35" hostname="anonu - LIA" id="Test Suites/Login/Login">
      <properties>
         <property name="deviceName" value=""/>
         <property name="devicePlatform"/>
         <property name="logFolder" value="C:\\Users\\anonu\\git\\prepcirca\\Reports\\20241022_002129\\Login\\Login\\20241022_002130"/>
         <property name="logFiles" value="C:\\Users\\anonu\\git\\prepcirca\\Reports\\20241022_002129\\Login\\Login\\20241022_002130\\execution0.log"/>
         <property name="attachments" value=""/>
         <property name="hostName" value="anonu - LIA"/>
         <property name="os" value="Windows 11 64bit"/>
         <property name="katalonVersion" value="9.7.2.223"/>
         <property name="browser" value="Chrome 129.0.0.0"/>
         <property name="hostAddress" value="192.168.254.104"/>
         <property name="sessionId" value="68f5d0e255cfdf9bb5bd32a64c1a2dce"/>
         <property name="seleniumVersion" value="3.141.59"/>
         <property name="proxyInformation" value="ProxyInformation { proxyOption=NO_PROXY, proxyServerType=HTTP, username=, password=********, proxyServerAddress=, proxyServerPort=0, executionList=&quot;&quot;, isApplyToDesiredCapabilities=true }"/>
         <property name="platform" value="Windows 11"/>
      </properties>
      <testcase name="Test Cases/Login/Admin" time="9.689" classname="Test Cases/Login/Admin" status="PASSED">
         <system-out><![CDATA[22-10-2024T00:21:35 - [TEST_CASE][PASSED] - Test Cases/Login/Admin: Test Cases/Login/Admin

22-10-2024T00:21:36 - [TEST_STEP][PASSED] - openBrowser(""): Browser is opened with url: ''

22-10-2024T00:21:36 - [MESSAGE][INFO] - Starting 'Chrome' driver

22-10-2024T00:21:36 - [MESSAGE][INFO] - Action delay is set to 0 milliseconds

22-10-2024T00:21:37 - [MESSAGE][PASSED] - Browser is opened with url: ''

22-10-2024T00:21:37 - [TEST_STEP][PASSED] - navigateToUrl("https://dev.web.prepcirca.com/login"): Navigate to 'https://dev.web.prepcirca.com/login' successfully

22-10-2024T00:21:42 - [MESSAGE][PASSED] - Navigate to 'https://dev.web.prepcirca.com/login' successfully

22-10-2024T00:21:42 - [TEST_STEP][PASSED] - setText(findTestObject("Object Repository/Page_PrepCirca V2/input_Login_username"), "lia@dashurai.com"): Text 'lia@dashurai.com' is set on object 'Object Repository/Page_PrepCirca V2/input_Login_username'

22-10-2024T00:21:44 - [MESSAGE][PASSED] - Text 'lia@dashurai.com' is set on object 'Object Repository/Page_PrepCirca V2/input_Login_username'

22-10-2024T00:21:44 - [TEST_STEP][PASSED] - setEncryptedText(findTestObject("Object Repository/Page_PrepCirca V2/input_Login_password"), "xRkMkEGOFPJvN61N/sX4qQ=="): Text ****** has been set on object 'Object Repository/Page_PrepCirca V2/input_Login_password'

22-10-2024T00:21:44 - [MESSAGE][PASSED] - Text ****** has been set on object 'Object Repository/Page_PrepCirca V2/input_Login_password'

22-10-2024T00:21:44 - [TEST_STEP][PASSED] - click(findTestObject("Object Repository/Page_PrepCirca V2/button_Login")): Object: 'Object Repository/Page_PrepCirca V2/button_Login' is clicked on

22-10-2024T00:21:45 - [MESSAGE][PASSED] - Object: 'Object Repository/Page_PrepCirca V2/button_Login' is clicked on

22-10-2024T00:21:45 - [TEST_STEP][PASSED] - closeBrowser(): Browser is closed

22-10-2024T00:21:45 - [MESSAGE][PASSED] - Browser is closed]]></system-out>
         <system-err><![CDATA[]]></system-err>
      </testcase>
      <testcase name="Test Cases/Login/Guardian" time="5.901" classname="Test Cases/Login/Guardian" status="PASSED">
         <system-out><![CDATA[22-10-2024T00:21:45 - [TEST_CASE][PASSED] - Test Cases/Login/Guardian: Test Cases/Login/Guardian

22-10-2024T00:21:45 - [TEST_STEP][PASSED] - openBrowser(""): Browser is opened with url: ''

22-10-2024T00:21:45 - [MESSAGE][INFO] - Starting 'Chrome' driver

22-10-2024T00:21:45 - [MESSAGE][INFO] - Action delay is set to 0 milliseconds

22-10-2024T00:21:46 - [MESSAGE][PASSED] - Browser is opened with url: ''

22-10-2024T00:21:46 - [TEST_STEP][PASSED] - navigateToUrl("https://dev.web.prepcirca.com/login"): Navigate to 'https://dev.web.prepcirca.com/login' successfully

22-10-2024T00:21:49 - [MESSAGE][PASSED] - Navigate to 'https://dev.web.prepcirca.com/login' successfully

22-10-2024T00:21:49 - [TEST_STEP][PASSED] - setText(findTestObject("Object Repository/Page_PrepCirca V2/input_Login_username"), "j.ross@example.com"): Text 'j.ross@example.com' is set on object 'Object Repository/Page_PrepCirca V2/input_Login_username'

22-10-2024T00:21:50 - [MESSAGE][PASSED] - Text 'j.ross@example.com' is set on object 'Object Repository/Page_PrepCirca V2/input_Login_username'

22-10-2024T00:21:50 - [TEST_STEP][PASSED] - setEncryptedText(findTestObject("Object Repository/Page_PrepCirca V2/input_Login_password"), "xRkMkEGOFPJvN61N/sX4qQ=="): Text ****** has been set on object 'Object Repository/Page_PrepCirca V2/input_Login_password'

22-10-2024T00:21:51 - [MESSAGE][PASSED] - Text ****** has been set on object 'Object Repository/Page_PrepCirca V2/input_Login_password'

22-10-2024T00:21:51 - [TEST_STEP][PASSED] - click(findTestObject("Object Repository/Page_PrepCirca V2/button_Login")): Object: 'Object Repository/Page_PrepCirca V2/button_Login' is clicked on

22-10-2024T00:21:51 - [MESSAGE][PASSED] - Object: 'Object Repository/Page_PrepCirca V2/button_Login' is clicked on

22-10-2024T00:21:51 - [TEST_STEP][PASSED] - closeBrowser(): Browser is closed

22-10-2024T00:21:51 - [MESSAGE][PASSED] - Browser is closed]]></system-out>
         <system-err><![CDATA[]]></system-err>
      </testcase>
      <testcase name="Test Cases/Login/Teacher" time="19.694" classname="Test Cases/Login/Teacher" status="PASSED">
         <system-out><![CDATA[22-10-2024T00:21:51 - [TEST_CASE][PASSED] - Test Cases/Login/Teacher: Test Cases/Login/Teacher

22-10-2024T00:21:51 - [TEST_STEP][PASSED] - openBrowser(""): Browser is opened with url: ''

22-10-2024T00:21:51 - [MESSAGE][INFO] - Starting 'Chrome' driver

22-10-2024T00:21:51 - [MESSAGE][INFO] - Action delay is set to 0 milliseconds

22-10-2024T00:21:52 - [MESSAGE][PASSED] - Browser is opened with url: ''

22-10-2024T00:21:52 - [TEST_STEP][PASSED] - navigateToUrl("https://dev.web.prepcirca.com/login"): Navigate to 'https://dev.web.prepcirca.com/login' successfully

22-10-2024T00:22:09 - [MESSAGE][PASSED] - Navigate to 'https://dev.web.prepcirca.com/login' successfully

22-10-2024T00:22:09 - [TEST_STEP][PASSED] - setText(findTestObject("Object Repository/Page_PrepCirca V2/input_Login_username"), "brettking@example.net"): Text 'brettking@example.net' is set on object 'Object Repository/Page_PrepCirca V2/input_Login_username'

22-10-2024T00:22:10 - [MESSAGE][PASSED] - Text 'brettking@example.net' is set on object 'Object Repository/Page_PrepCirca V2/input_Login_username'

22-10-2024T00:22:10 - [TEST_STEP][PASSED] - setEncryptedText(findTestObject("Object Repository/Page_PrepCirca V2/input_Login_password"), "xRkMkEGOFPJvN61N/sX4qQ=="): Text ****** has been set on object 'Object Repository/Page_PrepCirca V2/input_Login_password'

22-10-2024T00:22:10 - [MESSAGE][PASSED] - Text ****** has been set on object 'Object Repository/Page_PrepCirca V2/input_Login_password'

22-10-2024T00:22:10 - [TEST_STEP][PASSED] - click(findTestObject("Object Repository/Page_PrepCirca V2/div_Login")): Object: 'Object Repository/Page_PrepCirca V2/div_Login' is clicked on

22-10-2024T00:22:10 - [MESSAGE][PASSED] - Object: 'Object Repository/Page_PrepCirca V2/div_Login' is clicked on

22-10-2024T00:22:10 - [TEST_STEP][PASSED] - closeBrowser(): Browser is closed

22-10-2024T00:22:11 - [MESSAGE][PASSED] - Browser is closed]]></system-out>
         <system-err><![CDATA[]]></system-err>
      </testcase>
      <testcase name="Test Cases/Login/Student" time="18.434" classname="Test Cases/Login/Student" status="PASSED">
         <system-out><![CDATA[22-10-2024T00:22:11 - [TEST_CASE][PASSED] - Test Cases/Login/Student: Test Cases/Login/Student

22-10-2024T00:22:11 - [TEST_STEP][PASSED] - openBrowser(""): Browser is opened with url: ''

22-10-2024T00:22:11 - [MESSAGE][INFO] - Starting 'Chrome' driver

22-10-2024T00:22:11 - [MESSAGE][INFO] - Action delay is set to 0 milliseconds

22-10-2024T00:22:11 - [MESSAGE][PASSED] - Browser is opened with url: ''

22-10-2024T00:22:11 - [TEST_STEP][PASSED] - navigateToUrl("https://dev.web.prepcirca.com/login"): Navigate to 'https://dev.web.prepcirca.com/login' successfully

22-10-2024T00:22:27 - [MESSAGE][PASSED] - Navigate to 'https://dev.web.prepcirca.com/login' successfully

22-10-2024T00:22:27 - [TEST_STEP][PASSED] - setText(findTestObject("Object Repository/Page_PrepCirca V2/input_Login_username"), "nbaldwin@example.org"): Text 'nbaldwin@example.org' is set on object 'Object Repository/Page_PrepCirca V2/input_Login_username'

22-10-2024T00:22:28 - [MESSAGE][PASSED] - Text 'nbaldwin@example.org' is set on object 'Object Repository/Page_PrepCirca V2/input_Login_username'

22-10-2024T00:22:28 - [TEST_STEP][PASSED] - setEncryptedText(findTestObject("Object Repository/Page_PrepCirca V2/input_Login_password"), "xRkMkEGOFPJvN61N/sX4qQ=="): Text ****** has been set on object 'Object Repository/Page_PrepCirca V2/input_Login_password'

22-10-2024T00:22:29 - [MESSAGE][PASSED] - Text ****** has been set on object 'Object Repository/Page_PrepCirca V2/input_Login_password'

22-10-2024T00:22:29 - [TEST_STEP][PASSED] - click(findTestObject("Object Repository/Page_PrepCirca V2/div_Login")): Object: 'Object Repository/Page_PrepCirca V2/div_Login' is clicked on

22-10-2024T00:22:29 - [MESSAGE][PASSED] - Object: 'Object Repository/Page_PrepCirca V2/div_Login' is clicked on

22-10-2024T00:22:29 - [TEST_STEP][PASSED] - closeBrowser(): Browser is closed

22-10-2024T00:22:29 - [MESSAGE][PASSED] - Browser is closed]]></system-out>
         <system-err><![CDATA[]]></system-err>
      </testcase>
      <system-out><![CDATA[22-10-2024T00:21:35 - [TEST_SUITE][PASSED] - Login: Test Cases/Login/Student]]></system-out>
      <system-err><![CDATA[]]></system-err>
   </testsuite>
</testsuites>
